# JRE version: Java(TM) SE Runtime Environment (7.0_60-b19) (build 1.7.0_60-b19)
# Java VM: Java HotSpot(TM) 64-Bit Server VM (24.60-b09 mixed mode windows-amd64 compressed oops)
Heap
 PSYoungGen      total 274944K, used 69543K [0x00000007d5e00000, 0x00000007e8100000, 0x0000000800000000)
  eden space 261120K, 21% used [0x00000007d5e00000,0x00000007d946a748,0x00000007e5d00000)
  from space 13824K, 99% used [0x00000007e6d80000,0x00000007e7aff548,0x00000007e7b00000)
  to   space 16896K, 0% used [0x00000007e5d00000,0x00000007e5d00000,0x00000007e6d80000)
 ParOldGen       total 86016K, used 12859K [0x0000000781a00000, 0x0000000786e00000, 0x00000007d5e00000)
  object space 86016K, 14% used [0x0000000781a00000,0x000000078268ec28,0x0000000786e00000)
 PSPermGen       total 39424K, used 39064K [0x000000077c800000, 0x000000077ee80000, 0x0000000781a00000)
  object space 39424K, 99% used [0x000000077c800000,0x000000077ee261f8,0x000000077ee80000)
GC Heap History (10 events):
Event: 2.126 GC heap before
{Heap before GC invocations=4 (full 0):
 PSYoungGen      total 38400K, used 37256K [0x00000007d5e00000, 0x00000007da900000, 0x0000000800000000)
  eden space 33280K, 100% used [0x00000007d5e00000,0x00000007d7e80000,0x00000007d7e80000)
  from space 5120K, 77% used [0x00000007d7e80000,0x00000007d8262040,0x00000007d8380000)
  to   space 5120K, 0% used [0x00000007da400000,0x00000007da400000,0x00000007da900000)
 ParOldGen       total 86016K, used 368K [0x0000000781a00000, 0x0000000786e00000, 0x00000007d5e00000)
  object space 86016K, 0% used [0x0000000781a00000,0x0000000781a5c240,0x0000000786e00000)
 PSPermGen       total 21504K, used 12099K [0x000000077c800000, 0x000000077dd00000, 0x0000000781a00000)
  object space 21504K, 56% used [0x000000077c800000,0x000000077d3d0f90,0x000000077dd00000)
Event: 2.136 GC heap after
Heap after GC invocations=4 (full 0):
 PSYoungGen      total 71680K, used 5098K [0x00000007d5e00000, 0x00000007da900000, 0x0000000800000000)
  eden space 66560K, 0% used [0x00000007d5e00000,0x00000007d5e00000,0x00000007d9f00000)
  from space 5120K, 99% used [0x00000007da400000,0x00000007da8fa968,0x00000007da900000)
  to   space 5120K, 0% used [0x00000007d9f00000,0x00000007d9f00000,0x00000007da400000)
 ParOldGen       total 86016K, used 1143K [0x0000000781a00000, 0x0000000786e00000, 0x00000007d5e00000)
  object space 86016K, 1% used [0x0000000781a00000,0x0000000781b1dd38,0x0000000786e00000)
 PSPermGen       total 21504K, used 12099K [0x000000077c800000, 0x000000077dd00000, 0x0000000781a00000)
  object space 21504K, 56% used [0x000000077c800000,0x000000077d3d0f90,0x000000077dd00000)
}
Event: 3.111 GC heap before
{Heap before GC invocations=5 (full 0):
 PSYoungGen      total 71680K, used 71658K [0x00000007d5e00000, 0x00000007da900000, 0x0000000800000000)
  eden space 66560K, 100% used [0x00000007d5e00000,0x00000007d9f00000,0x00000007d9f00000)
  from space 5120K, 99% used [0x00000007da400000,0x00000007da8fa968,0x00000007da900000)
  to   space 5120K, 0% used [0x00000007d9f00000,0x00000007d9f00000,0x00000007da400000)
 ParOldGen       total 86016K, used 1143K [0x0000000781a00000, 0x0000000786e00000, 0x00000007d5e00000)
  object space 86016K, 1% used [0x0000000781a00000,0x0000000781b1dd38,0x0000000786e00000)
 PSPermGen       total 21504K, used 15510K [0x000000077c800000, 0x000000077dd00000, 0x0000000781a00000)
  object space 21504K, 72% used [0x000000077c800000,0x000000077d7259d0,0x000000077dd00000)
Event: 3.121 GC heap after
Heap after GC invocations=5 (full 0):
 PSYoungGen      total 71680K, used 5115K [0x00000007d5e00000, 0x00000007df000000, 0x0000000800000000)
  eden space 66560K, 0% used [0x00000007d5e00000,0x00000007d5e00000,0x00000007d9f00000)
  from space 5120K, 99% used [0x00000007d9f00000,0x00000007da3fec38,0x00000007da400000)
  to   space 8192K, 0% used [0x00000007de800000,0x00000007de800000,0x00000007df000000)
 ParOldGen       total 86016K, used 3888K [0x0000000781a00000, 0x0000000786e00000, 0x00000007d5e00000)
  object space 86016K, 4% used [0x0000000781a00000,0x0000000781dcc310,0x0000000786e00000)
 PSPermGen       total 21504K, used 15510K [0x000000077c800000, 0x000000077dd00000, 0x0000000781a00000)
  object space 21504K, 72% used [0x000000077c800000,0x000000077d7259d0,0x000000077dd00000)
}
Event: 3.861 GC heap before
{Heap before GC invocations=6 (full 0):
 PSYoungGen      total 71680K, used 71675K [0x00000007d5e00000, 0x00000007df000000, 0x0000000800000000)
  eden space 66560K, 100% used [0x00000007d5e00000,0x00000007d9f00000,0x00000007d9f00000)
  from space 5120K, 99% used [0x00000007d9f00000,0x00000007da3fec38,0x00000007da400000)
  to   space 8192K, 0% used [0x00000007de800000,0x00000007de800000,0x00000007df000000)
 ParOldGen       total 86016K, used 3888K [0x0000000781a00000, 0x0000000786e00000, 0x00000007d5e00000)
  object space 86016K, 4% used [0x0000000781a00000,0x0000000781dcc310,0x0000000786e00000)
 PSPermGen       total 21504K, used 20528K [0x000000077c800000, 0x000000077dd00000, 0x0000000781a00000)
  object space 21504K, 95% used [0x000000077c800000,0x000000077dc0c368,0x000000077dd00000)
Event: 3.875 GC heap after
Heap after GC invocations=6 (full 0):
 PSYoungGen      total 140288K, used 7794K [0x00000007d5e00000, 0x00000007df200000, 0x0000000800000000)
  eden space 132096K, 0% used [0x00000007d5e00000,0x00000007d5e00000,0x00000007ddf00000)
  from space 8192K, 95% used [0x00000007de800000,0x00000007def9c918,0x00000007df000000)
  to   space 9216K, 0% used [0x00000007ddf00000,0x00000007ddf00000,0x00000007de800000)
 ParOldGen       total 86016K, used 3960K [0x0000000781a00000, 0x0000000786e00000, 0x00000007d5e00000)
  object space 86016K, 4% used [0x0000000781a00000,0x0000000781dde320,0x0000000786e00000)
 PSPermGen       total 21504K, used 20528K [0x000000077c800000, 0x000000077dd00000, 0x0000000781a00000)
  object space 21504K, 95% used [0x000000077c800000,0x000000077dc0c368,0x000000077dd00000)
}
Event: 5.279 GC heap before
{Heap before GC invocations=7 (full 0):
 PSYoungGen      total 140288K, used 139890K [0x00000007d5e00000, 0x00000007df200000, 0x0000000800000000)
  eden space 132096K, 100% used [0x00000007d5e00000,0x00000007ddf00000,0x00000007ddf00000)
  from space 8192K, 95% used [0x00000007de800000,0x00000007def9c918,0x00000007df000000)
  to   space 9216K, 0% used [0x00000007ddf00000,0x00000007ddf00000,0x00000007de800000)
 ParOldGen       total 86016K, used 3960K [0x0000000781a00000, 0x0000000786e00000, 0x00000007d5e00000)
  object space 86016K, 4% used [0x0000000781a00000,0x0000000781dde320,0x0000000786e00000)
 PSPermGen       total 31744K, used 31712K [0x000000077c800000, 0x000000077e700000, 0x0000000781a00000)
  object space 31744K, 99% used [0x000000077c800000,0x000000077e6f80f8,0x000000077e700000)
Event: 5.298 GC heap after
Heap after GC invocations=7 (full 0):
 PSYoungGen      total 141312K, used 9215K [0x00000007d5e00000, 0x00000007e7b00000, 0x0000000800000000)
  eden space 132096K, 0% used [0x00000007d5e00000,0x00000007d5e00000,0x00000007ddf00000)
  from space 9216K, 99% used [0x00000007ddf00000,0x00000007de7fff28,0x00000007de800000)
  to   space 13824K, 0% used [0x00000007e6d80000,0x00000007e6d80000,0x00000007e7b00000)
 ParOldGen       total 86016K, used 10730K [0x0000000781a00000, 0x0000000786e00000, 0x00000007d5e00000)
  object space 86016K, 12% used [0x0000000781a00000,0x000000078247a848,0x0000000786e00000)
 PSPermGen       total 31744K, used 31712K [0x000000077c800000, 0x000000077e700000, 0x0000000781a00000)
  object space 31744K, 99% used [0x000000077c800000,0x000000077e6f80f8,0x000000077e700000)
}
Event: 6.852 GC heap before
{Heap before GC invocations=8 (full 0):
 PSYoungGen      total 141312K, used 141311K [0x00000007d5e00000, 0x00000007e7b00000, 0x0000000800000000)
  eden space 132096K, 100% used [0x00000007d5e00000,0x00000007ddf00000,0x00000007ddf00000)
  from space 9216K, 99% used [0x00000007ddf00000,0x00000007de7fff28,0x00000007de800000)
  to   space 13824K, 0% used [0x00000007e6d80000,0x00000007e6d80000,0x00000007e7b00000)
 ParOldGen       total 86016K, used 10730K [0x0000000781a00000, 0x0000000786e00000, 0x00000007d5e00000)
  object space 86016K, 12% used [0x0000000781a00000,0x000000078247a848,0x0000000786e00000)
 PSPermGen       total 37376K, used 37035K [0x000000077c800000, 0x000000077ec80000, 0x0000000781a00000)
  object space 37376K, 99% used [0x000000077c800000,0x000000077ec2adf8,0x000000077ec80000)
Event: 6.868 GC heap after
Heap after GC invocations=8 (full 0):
 PSYoungGen      total 274944K, used 13821K [0x00000007d5e00000, 0x00000007e8100000, 0x0000000800000000)
  eden space 261120K, 0% used [0x00000007d5e00000,0x00000007d5e00000,0x00000007e5d00000)
  from space 13824K, 99% used [0x00000007e6d80000,0x00000007e7aff548,0x00000007e7b00000)
  to   space 16896K, 0% used [0x00000007e5d00000,0x00000007e5d00000,0x00000007e6d80000)
 ParOldGen       total 86016K, used 12859K [0x0000000781a00000, 0x0000000786e00000, 0x00000007d5e00000)
  object space 86016K, 14% used [0x0000000781a00000,0x000000078268ec28,0x0000000786e00000)
 PSPermGen       total 37376K, used 37035K [0x000000077c800000, 0x000000077ec80000, 0x0000000781a00000)
  object space 37376K, 99% used [0x000000077c800000,0x000000077ec2adf8,0x000000077ec80000)
}

